The system is: Windows - 10.0.19042 - AMD64
Compiling the C compiler identification source file "CMakeCCompilerId.c" succeeded.
Compiler: C:/Program Files (x86)/Microsoft Visual Studio/2019/Community/VC/Tools/MSVC/14.28.29333/bin/Hostx86/x86/cl.exe 
Build flags: 
Id flags:  

The output was:
0
Microsoft (R) Kompilator optymalizujący C/C++, wersja 19.28.29335 dla architektury x86
Copyright (C) Microsoft Corporation. Wszystkie prawa zastrzeżone.

CMakeCCompilerId.c
Microsoft (R) Incremental Linker Version 14.28.29335.0
Copyright (C) Microsoft Corporation.  All rights reserved.

/out:CMakeCCompilerId.exe 
CMakeCCompilerId.obj 


Compilation of the C compiler identification source "CMakeCCompilerId.c" produced "CMakeCCompilerId.exe"

Compilation of the C compiler identification source "CMakeCCompilerId.c" produced "CMakeCCompilerId.obj"

The C compiler identification is MSVC, found in "C:/GitHub/Programowanie strukturalne/PS-gr3-ZarnochArtur/lab1/zad1.3.7/cmake-build-debug/CMakeFiles/3.17.5/CompilerIdC/CMakeCCompilerId.exe"

Determining if the C compiler works passed with the following output:
Change Dir: C:/GitHub/Programowanie strukturalne/PS-gr3-ZarnochArtur/lab1/zad1.3.7/cmake-build-debug/CMakeFiles/CMakeTmp

Run Build Command(s):nmake /nologo cmTC_84a41\fast && 	"C:\Program Files (x86)\Microsoft Visual Studio\2019\Community\VC\Tools\MSVC\14.28.29333\bin\HostX86\x86\nmake.exe"  -f CMakeFiles\cmTC_84a41.dir\build.make /nologo -L                  CMakeFiles\cmTC_84a41.dir\build
Building C object CMakeFiles/cmTC_84a41.dir/testCCompiler.c.obj
	C:\PROGRA~2\MICROS~2\2019\COMMUN~1\VC\Tools\MSVC\14.28.29333\bin\Hostx86\x86\cl.exe @C:\Users\Artur\AppData\Local\Temp\nm760D.tmp
testCCompiler.c
Linking C executable cmTC_84a41.exe
	"C:\Programy\CLion 2020.3.2\bin\cmake\win\bin\cmake.exe" -E vs_link_exe --intdir=CMakeFiles\cmTC_84a41.dir --rc=C:\PROGRA~2\WI3CF2~1\10\bin\100183~1.0\x86\rc.exe --mt=C:\PROGRA~2\WI3CF2~1\10\bin\100183~1.0\x86\mt.exe --manifests  -- C:\PROGRA~2\MICROS~2\2019\COMMUN~1\VC\Tools\MSVC\14.28.29333\bin\Hostx86\x86\link.exe /nologo @CMakeFiles\cmTC_84a41.dir\objects1.rsp @C:\Users\Artur\AppData\Local\Temp\nm7785.tmp



Detecting C compiler ABI info compiled with the following output:
Change Dir: C:/GitHub/Programowanie strukturalne/PS-gr3-ZarnochArtur/lab1/zad1.3.7/cmake-build-debug/CMakeFiles/CMakeTmp

Run Build Command(s):nmake /nologo cmTC_a7ca2\fast && 	"C:\Program Files (x86)\Microsoft Visual Studio\2019\Community\VC\Tools\MSVC\14.28.29333\bin\HostX86\x86\nmake.exe"  -f CMakeFiles\cmTC_a7ca2.dir\build.make /nologo -L                  CMakeFiles\cmTC_a7ca2.dir\build
Building C object CMakeFiles/cmTC_a7ca2.dir/CMakeCCompilerABI.c.obj
	C:\PROGRA~2\MICROS~2\2019\COMMUN~1\VC\Tools\MSVC\14.28.29333\bin\Hostx86\x86\cl.exe @C:\Users\Artur\AppData\Local\Temp\nm7AEF.tmp
CMakeCCompilerABI.c
Linking C executable cmTC_a7ca2.exe
	"C:\Programy\CLion 2020.3.2\bin\cmake\win\bin\cmake.exe" -E vs_link_exe --intdir=CMakeFiles\cmTC_a7ca2.dir --rc=C:\PROGRA~2\WI3CF2~1\10\bin\100183~1.0\x86\rc.exe --mt=C:\PROGRA~2\WI3CF2~1\10\bin\100183~1.0\x86\mt.exe --manifests  -- C:\PROGRA~2\MICROS~2\2019\COMMUN~1\VC\Tools\MSVC\14.28.29333\bin\Hostx86\x86\link.exe /nologo @CMakeFiles\cmTC_a7ca2.dir\objects1.rsp @C:\Users\Artur\AppData\Local\Temp\nm7B9C.tmp



